{
  "RSpec": {
    "coverage": {
      "/Users/fulsat9/work-fulsat9/IwaHoriDai/www/relicious/app/controllers/application_controller.rb": [
        1,
        1,
        null,
        1,
        null,
        1,
        0,
        0,
        null,
        null,
        null,
        null,
        null,
        1,
        1,
        0,
        0,
        null,
        0,
        null,
        null,
        null
      ],
      "/Users/fulsat9/work-fulsat9/IwaHoriDai/www/relicious/app/helpers/application_helper.rb": [
        1,
        null
      ],
      "/Users/fulsat9/work-fulsat9/IwaHoriDai/www/relicious/app/helpers/meetup_comments_helper.rb": [
        1,
        null
      ],
      "/Users/fulsat9/work-fulsat9/IwaHoriDai/www/relicious/app/helpers/meetups_helper.rb": [
        1,
        null
      ],
      "/Users/fulsat9/work-fulsat9/IwaHoriDai/www/relicious/app/helpers/sessions_helper.rb": [
        1,
        null
      ],
      "/Users/fulsat9/work-fulsat9/IwaHoriDai/www/relicious/app/helpers/top_helper.rb": [
        1,
        null
      ],
      "/Users/fulsat9/work-fulsat9/IwaHoriDai/www/relicious/app/helpers/user_avails_helper.rb": [
        1,
        null
      ],
      "/Users/fulsat9/work-fulsat9/IwaHoriDai/www/relicious/app/helpers/users_helper.rb": [
        1,
        null
      ],
      "/Users/fulsat9/work-fulsat9/IwaHoriDai/www/relicious/app/controllers/meetup_comments_controller.rb": [
        1,
        1,
        null,
        null,
        null,
        1,
        0,
        0,
        0,
        null,
        0,
        0,
        0,
        0,
        null,
        0,
        0,
        null,
        null,
        null,
        null,
        null,
        null,
        1,
        0,
        null,
        0,
        0,
        0,
        0,
        null,
        0,
        0,
        null,
        null,
        null,
        null,
        null,
        null,
        1,
        0,
        0,
        0,
        0,
        null,
        null,
        0,
        0,
        0,
        null,
        null,
        null
      ],
      "/Users/fulsat9/work-fulsat9/IwaHoriDai/www/relicious/app/models/meetup_comment.rb": [
        1,
        1,
        1,
        1,
        null,
        1,
        1,
        1,
        null
      ],
      "/Users/fulsat9/work-fulsat9/IwaHoriDai/www/relicious/app/controllers/meetups_controller.rb": [
        1,
        1,
        null,
        null,
        null,
        1,
        0,
        null,
        0,
        0,
        0,
        null,
        null,
        null,
        null,
        null,
        1,
        0,
        null,
        0,
        0,
        0,
        null,
        null,
        null,
        null,
        null,
        1,
        0,
        null,
        0,
        0,
        0,
        null,
        null,
        null,
        null,
        1,
        0,
        null,
        null,
        null,
        null,
        1,
        0,
        0,
        null,
        0,
        0,
        0,
        0,
        null,
        0,
        0,
        null,
        null,
        null,
        null,
        null,
        null,
        1,
        0,
        null,
        0,
        0,
        0,
        0,
        null,
        0,
        0,
        null,
        null,
        null,
        null,
        null,
        null,
        1,
        0,
        0,
        0,
        null,
        0,
        null,
        null,
        0,
        0,
        0,
        null,
        null,
        null
      ],
      "/Users/fulsat9/work-fulsat9/IwaHoriDai/www/relicious/app/models/meetup.rb": [
        1,
        1,
        1,
        1,
        1,
        null,
        1,
        1,
        1,
        1,
        null
      ],
      "/Users/fulsat9/work-fulsat9/IwaHoriDai/www/relicious/app/controllers/sessions_controller.rb": [
        1,
        1,
        0,
        0,
        0,
        null,
        0,
        null,
        0,
        0,
        0,
        0,
        null,
        0,
        0,
        null,
        null,
        0,
        0,
        0,
        null,
        null,
        null,
        1,
        0,
        0,
        null,
        null
      ],
      "/Users/fulsat9/work-fulsat9/IwaHoriDai/www/relicious/app/controllers/top_controller.rb": [
        1,
        1,
        0,
        0,
        null,
        null
      ],
      "/Users/fulsat9/work-fulsat9/IwaHoriDai/www/relicious/app/controllers/user_avails_controller.rb": [
        1,
        1,
        0,
        0,
        null,
        0,
        0,
        0,
        0,
        null,
        0,
        0,
        null,
        null,
        null,
        null,
        1,
        0,
        null,
        0,
        0,
        0,
        0,
        null,
        0,
        0,
        null,
        null,
        null,
        null,
        1,
        0,
        0,
        0,
        0,
        null,
        0,
        null,
        null,
        0,
        0,
        0,
        null,
        null,
        null
      ],
      "/Users/fulsat9/work-fulsat9/IwaHoriDai/www/relicious/app/models/user_avail.rb": [
        1,
        1,
        1,
        1,
        null,
        1,
        1,
        1,
        1,
        null
      ],
      "/Users/fulsat9/work-fulsat9/IwaHoriDai/www/relicious/app/controllers/users_controller.rb": [
        1,
        null,
        null,
        1,
        0,
        null,
        0,
        0,
        0,
        null,
        null,
        null,
        null,
        null,
        1,
        0,
        null,
        0,
        0,
        0,
        null,
        null,
        null,
        null,
        1,
        1,
        1,
        1,
        null,
        1,
        null,
        1,
        0,
        null,
        null,
        1,
        1,
        0,
        0,
        null,
        null,
        1,
        null,
        1,
        0,
        0,
        null,
        null,
        null,
        1,
        0,
        null,
        null,
        1,
        0,
        null,
        null,
        null,
        null,
        null,
        1,
        0,
        0,
        0,
        null,
        null,
        null,
        null,
        null,
        1,
        0,
        null,
        0,
        0,
        0,
        0,
        0,
        0,
        null,
        0,
        null,
        null,
        null,
        null,
        0,
        0,
        0,
        0,
        null,
        0,
        0,
        null,
        null,
        null,
        null,
        null,
        null,
        1,
        0,
        0,
        null,
        0,
        0,
        0,
        null,
        null,
        null
      ],
      "/Users/fulsat9/work-fulsat9/IwaHoriDai/www/relicious/app/models/user.rb": [
        1,
        1,
        1,
        null,
        1,
        1,
        1,
        1,
        1,
        null,
        1,
        1,
        1,
        1,
        1,
        null,
        1,
        0,
        null,
        null,
        null,
        null,
        null,
        null,
        null,
        null,
        0,
        0,
        0,
        null,
        0,
        null,
        null,
        0,
        null,
        null
      ],
      "/Users/fulsat9/work-fulsat9/IwaHoriDai/www/relicious/app/models/area.rb": [
        1,
        1,
        null,
        1,
        null
      ],
      "/Users/fulsat9/work-fulsat9/IwaHoriDai/www/relicious/app/models/language.rb": [
        1,
        1,
        null
      ],
      "/Users/fulsat9/work-fulsat9/IwaHoriDai/www/relicious/app/models/user_language.rb": [
        1,
        1,
        1,
        null,
        1,
        1,
        1,
        null
      ]
    },
    "timestamp": 1340638118
  }
}
