{
  "RSpec": {
    "coverage": {
      "/Users/fulsat9/work-fulsat9/IwaHoriDai/www/relicious/app/controllers/application_controller.rb": [
        1,
        1,
        null,
        1,
        null,
        1,
        34,
        2,
        null,
        null,
        null,
        null,
        1,
        1,
        50,
        50,
        null,
        0,
        null,
        null,
        null
      ],
      "/Users/fulsat9/work-fulsat9/IwaHoriDai/www/relicious/app/helpers/application_helper.rb": [
        1,
        null
      ],
      "/Users/fulsat9/work-fulsat9/IwaHoriDai/www/relicious/app/helpers/meetup_comments_helper.rb": [
        1,
        null
      ],
      "/Users/fulsat9/work-fulsat9/IwaHoriDai/www/relicious/app/helpers/meetups_helper.rb": [
        1,
        null
      ],
      "/Users/fulsat9/work-fulsat9/IwaHoriDai/www/relicious/app/helpers/sessions_helper.rb": [
        1,
        null
      ],
      "/Users/fulsat9/work-fulsat9/IwaHoriDai/www/relicious/app/helpers/top_helper.rb": [
        1,
        null
      ],
      "/Users/fulsat9/work-fulsat9/IwaHoriDai/www/relicious/app/helpers/users_helper.rb": [
        1,
        null
      ],
      "/Users/fulsat9/work-fulsat9/IwaHoriDai/www/relicious/app/controllers/meetup_comments_controller.rb": [
        1,
        1,
        null,
        null,
        null,
        1,
        4,
        4,
        4,
        null,
        4,
        4,
        6,
        3,
        null,
        2,
        1,
        null,
        null,
        null,
        null,
        null,
        null,
        1,
        5,
        null,
        5,
        5,
        4,
        2,
        null,
        6,
        3,
        null,
        null,
        null,
        null,
        null,
        null,
        1,
        4,
        4,
        2,
        2,
        null,
        null,
        4,
        8,
        4,
        null,
        null,
        null
      ],
      "/Users/fulsat9/work-fulsat9/IwaHoriDai/www/relicious/app/models/meetup_comment.rb": [
        1,
        1,
        1,
        1,
        null,
        1,
        1,
        1,
        null
      ],
      "/Users/fulsat9/work-fulsat9/IwaHoriDai/www/relicious/app/controllers/meetups_controller.rb": [
        1,
        1,
        null,
        null,
        null,
        1,
        2,
        null,
        2,
        2,
        2,
        null,
        null,
        null,
        null,
        null,
        1,
        1,
        null,
        1,
        1,
        1,
        null,
        null,
        null,
        null,
        null,
        1,
        1,
        null,
        1,
        1,
        1,
        null,
        null,
        null,
        null,
        1,
        1,
        null,
        null,
        null,
        null,
        1,
        5,
        5,
        null,
        5,
        5,
        6,
        3,
        null,
        4,
        2,
        null,
        null,
        null,
        null,
        null,
        null,
        1,
        5,
        null,
        5,
        5,
        4,
        2,
        null,
        6,
        3,
        null,
        null,
        null,
        null,
        null,
        null,
        1,
        4,
        4,
        2,
        null,
        2,
        null,
        null,
        4,
        8,
        4,
        null,
        null,
        null
      ],
      "/Users/fulsat9/work-fulsat9/IwaHoriDai/www/relicious/app/models/meetup.rb": [
        1,
        1,
        1,
        1,
        null,
        1,
        1,
        1,
        null
      ],
      "/Users/fulsat9/work-fulsat9/IwaHoriDai/www/relicious/app/controllers/sessions_controller.rb": [
        1,
        1,
        6,
        2,
        2,
        null,
        4,
        null,
        4,
        2,
        2,
        0,
        null,
        2,
        2,
        null,
        null,
        2,
        2,
        2,
        null,
        null,
        null,
        1,
        2,
        2,
        null,
        null
      ],
      "/Users/fulsat9/work-fulsat9/IwaHoriDai/www/relicious/app/controllers/top_controller.rb": [
        1,
        1,
        2,
        null,
        null
      ],
      "/Users/fulsat9/work-fulsat9/IwaHoriDai/www/relicious/app/controllers/users_controller.rb": [
        1,
        null,
        null,
        1,
        2,
        null,
        2,
        2,
        2,
        null,
        null,
        null,
        null,
        null,
        1,
        1,
        null,
        1,
        1,
        1,
        null,
        null,
        null,
        null,
        null,
        1,
        1,
        null,
        1,
        1,
        1,
        null,
        null,
        null,
        null,
        1,
        1,
        null,
        null,
        null,
        null,
        1,
        1,
        2,
        1,
        null,
        null,
        null,
        null,
        null,
        1,
        5,
        null,
        5,
        5,
        4,
        2,
        null,
        6,
        3,
        null,
        null,
        null,
        null,
        null,
        null,
        1,
        2,
        2,
        null,
        2,
        4,
        2,
        null,
        null,
        null
      ],
      "/Users/fulsat9/work-fulsat9/IwaHoriDai/www/relicious/app/models/user.rb": [
        1,
        1,
        1,
        null,
        1,
        1,
        null,
        null,
        1,
        1,
        1,
        null,
        1,
        1,
        null,
        1,
        3,
        null,
        null,
        null,
        null,
        null,
        null,
        null,
        null,
        3,
        3,
        3,
        null,
        3,
        null,
        null,
        3,
        null,
        null
      ],
      "/Users/fulsat9/work-fulsat9/IwaHoriDai/www/relicious/app/models/area.rb": [
        1,
        1,
        null,
        1,
        null
      ],
      "/Users/fulsat9/work-fulsat9/IwaHoriDai/www/relicious/app/models/user_avail.rb": [
        1,
        1,
        1,
        1,
        null
      ]
    },
    "timestamp": 1340445421
  }
}
